2017-10-19 19:22:13 INFO  ContextLoader:285 - Root WebApplicationContext: initialization started
2017-10-19 19:22:13 DEBUG StandardServletEnvironment:127 - Initializing new StandardServletEnvironment
2017-10-19 19:22:13 DEBUG StandardServletEnvironment:110 - Adding [servletConfigInitParams] PropertySource with lowest search precedence
2017-10-19 19:22:13 DEBUG StandardServletEnvironment:110 - Adding [servletContextInitParams] PropertySource with lowest search precedence
2017-10-19 19:22:13 DEBUG StandardServletEnvironment:110 - Adding [jndiProperties] PropertySource with lowest search precedence
2017-10-19 19:22:13 DEBUG StandardServletEnvironment:110 - Adding [systemProperties] PropertySource with lowest search precedence
2017-10-19 19:22:13 DEBUG StandardServletEnvironment:110 - Adding [systemEnvironment] PropertySource with lowest search precedence
2017-10-19 19:22:13 DEBUG StandardServletEnvironment:131 - Initialized StandardServletEnvironment with PropertySources [servletConfigInitParams,servletContextInitParams,jndiProperties,systemProperties,systemEnvironment]
2017-10-19 19:22:13 DEBUG StandardServletEnvironment:175 - Replacing [servletContextInitParams] PropertySource with [servletContextInitParams]
2017-10-19 19:22:13 INFO  XmlWebApplicationContext:513 - Refreshing Root WebApplicationContext: startup date [Thu Oct 19 19:22:13 IST 2017]; root of context hierarchy
2017-10-19 19:22:14 DEBUG StandardEnvironment:127 - Initializing new StandardEnvironment
2017-10-19 19:22:14 DEBUG StandardEnvironment:110 - Adding [systemProperties] PropertySource with lowest search precedence
2017-10-19 19:22:14 DEBUG StandardEnvironment:110 - Adding [systemEnvironment] PropertySource with lowest search precedence
2017-10-19 19:22:14 DEBUG StandardEnvironment:131 - Initialized StandardEnvironment with PropertySources [systemProperties,systemEnvironment]
2017-10-19 19:22:14 INFO  XmlBeanDefinitionReader:316 - Loading XML bean definitions from ServletContext resource [/WEB-INF/dispatcher-servlet.xml]
2017-10-19 19:22:14 DEBUG DefaultDocumentLoader:73 - Using JAXP provider [com.sun.org.apache.xerces.internal.jaxp.DocumentBuilderFactoryImpl]
2017-10-19 19:22:14 DEBUG PluggableSchemaResolver:141 - Loading schema mappings from [META-INF/spring.schemas]
2017-10-19 19:22:14 DEBUG PluggableSchemaResolver:147 - Loaded schema mappings: {http://www.springframework.org/schema/jee/spring-jee-3.2.xsd=org/springframework/ejb/config/spring-jee-3.2.xsd, http://www.springframework.org/schema/util/spring-util.xsd=org/springframework/beans/factory/xml/spring-util-4.0.xsd, http://www.springframework.org/schema/mvc/spring-mvc-3.1.xsd=org/springframework/web/servlet/config/spring-mvc-3.1.xsd, http://www.springframework.org/schema/task/spring-task.xsd=org/springframework/scheduling/config/spring-task-4.0.xsd, http://www.springframework.org/schema/beans/spring-beans-3.1.xsd=org/springframework/beans/factory/xml/spring-beans-3.1.xsd, http://www.springframework.org/schema/cache/spring-cache.xsd=org/springframework/cache/config/spring-cache-4.0.xsd, http://www.springframework.org/schema/aop/spring-aop-3.0.xsd=org/springframework/aop/config/spring-aop-3.0.xsd, http://www.springframework.org/schema/task/spring-task-3.1.xsd=org/springframework/scheduling/config/spring-task-3.1.xsd, http://www.springframework.org/schema/aop/spring-aop-2.0.xsd=org/springframework/aop/config/spring-aop-2.0.xsd, http://www.springframework.org/schema/aop/spring-aop-4.0.xsd=org/springframework/aop/config/spring-aop-4.0.xsd, http://www.springframework.org/schema/tool/spring-tool-2.5.xsd=org/springframework/beans/factory/xml/spring-tool-2.5.xsd, http://www.springframework.org/schema/beans/spring-beans.xsd=org/springframework/beans/factory/xml/spring-beans-4.0.xsd, http://www.springframework.org/schema/jee/spring-jee-2.5.xsd=org/springframework/ejb/config/spring-jee-2.5.xsd, http://www.springframework.org/schema/tool/spring-tool-3.1.xsd=org/springframework/beans/factory/xml/spring-tool-3.1.xsd, http://www.springframework.org/schema/jee/spring-jee-3.1.xsd=org/springframework/ejb/config/spring-jee-3.1.xsd, http://www.springframework.org/schema/aop/spring-aop.xsd=org/springframework/aop/config/spring-aop-4.0.xsd, http://www.springframework.org/schema/context/spring-context-3.2.xsd=org/springframework/context/config/spring-context-3.2.xsd, http://www.springframework.org/schema/beans/spring-beans-2.0.xsd=org/springframework/beans/factory/xml/spring-beans-2.0.xsd, http://www.springframework.org/schema/util/spring-util-3.2.xsd=org/springframework/beans/factory/xml/spring-util-3.2.xsd, http://www.springframework.org/schema/mvc/spring-mvc-3.0.xsd=org/springframework/web/servlet/config/spring-mvc-3.0.xsd, http://www.springframework.org/schema/lang/spring-lang-3.2.xsd=org/springframework/scripting/config/spring-lang-3.2.xsd, http://www.springframework.org/schema/beans/spring-beans-4.0.xsd=org/springframework/beans/factory/xml/spring-beans-4.0.xsd, http://www.springframework.org/schema/beans/spring-beans-3.0.xsd=org/springframework/beans/factory/xml/spring-beans-3.0.xsd, http://www.springframework.org/schema/mvc/spring-mvc-4.0.xsd=org/springframework/web/servlet/config/spring-mvc-4.0.xsd, http://www.springframework.org/schema/cache/spring-cache-3.2.xsd=org/springframework/cache/config/spring-cache-3.2.xsd, http://www.springframework.org/schema/task/spring-task-3.0.xsd=org/springframework/scheduling/config/spring-task-3.0.xsd, http://www.springframework.org/schema/task/spring-task-4.0.xsd=org/springframework/scheduling/config/spring-task-4.0.xsd, http://www.springframework.org/schema/context/spring-context-2.5.xsd=org/springframework/context/config/spring-context-2.5.xsd, http://www.springframework.org/schema/tool/spring-tool-3.0.xsd=org/springframework/beans/factory/xml/spring-tool-3.0.xsd, http://www.springframework.org/schema/lang/spring-lang.xsd=org/springframework/scripting/config/spring-lang-4.0.xsd, http://www.springframework.org/schema/tool/spring-tool-2.0.xsd=org/springframework/beans/factory/xml/spring-tool-2.0.xsd, http://www.springframework.org/schema/util/spring-util-2.5.xsd=org/springframework/beans/factory/xml/spring-util-2.5.xsd, http://www.springframework.org/schema/lang/spring-lang-2.5.xsd=org/springframework/scripting/config/spring-lang-2.5.xsd, http://www.springframework.org/schema/tool/spring-tool-4.0.xsd=org/springframework/beans/factory/xml/spring-tool-4.0.xsd, http://www.springframework.org/schema/aop/spring-aop-3.2.xsd=org/springframework/aop/config/spring-aop-3.2.xsd, http://www.springframework.org/schema/jee/spring-jee-3.0.xsd=org/springframework/ejb/config/spring-jee-3.0.xsd, http://www.springframework.org/schema/jee/spring-jee-2.0.xsd=org/springframework/ejb/config/spring-jee-2.0.xsd, http://www.springframework.org/schema/context/spring-context-3.1.xsd=org/springframework/context/config/spring-context-3.1.xsd, http://www.springframework.org/schema/jee/spring-jee-4.0.xsd=org/springframework/ejb/config/spring-jee-4.0.xsd, http://www.springframework.org/schema/util/spring-util-3.1.xsd=org/springframework/beans/factory/xml/spring-util-3.1.xsd, http://www.springframework.org/schema/lang/spring-lang-3.1.xsd=org/springframework/scripting/config/spring-lang-3.1.xsd, http://www.springframework.org/schema/cache/spring-cache-3.1.xsd=org/springframework/cache/config/spring-cache-3.1.xsd, http://www.springframework.org/schema/context/spring-context.xsd=org/springframework/context/config/spring-context-4.0.xsd, http://www.springframework.org/schema/jee/spring-jee.xsd=org/springframework/ejb/config/spring-jee-4.0.xsd, http://www.springframework.org/schema/aop/spring-aop-2.5.xsd=org/springframework/aop/config/spring-aop-2.5.xsd, http://www.springframework.org/schema/mvc/spring-mvc.xsd=org/springframework/web/servlet/config/spring-mvc-4.0.xsd, http://www.springframework.org/schema/mvc/spring-mvc-3.2.xsd=org/springframework/web/servlet/config/spring-mvc-3.2.xsd, http://www.springframework.org/schema/beans/spring-beans-3.2.xsd=org/springframework/beans/factory/xml/spring-beans-3.2.xsd, http://www.springframework.org/schema/aop/spring-aop-3.1.xsd=org/springframework/aop/config/spring-aop-3.1.xsd, http://www.springframework.org/schema/task/spring-task-3.2.xsd=org/springframework/scheduling/config/spring-task-3.2.xsd, http://www.springframework.org/schema/context/spring-context-4.0.xsd=org/springframework/context/config/spring-context-4.0.xsd, http://www.springframework.org/schema/context/spring-context-3.0.xsd=org/springframework/context/config/spring-context-3.0.xsd, http://www.springframework.org/schema/tool/spring-tool.xsd=org/springframework/beans/factory/xml/spring-tool-4.0.xsd, http://www.springframework.org/schema/util/spring-util-3.0.xsd=org/springframework/beans/factory/xml/spring-util-3.0.xsd, http://www.springframework.org/schema/lang/spring-lang-3.0.xsd=org/springframework/scripting/config/spring-lang-3.0.xsd, http://www.springframework.org/schema/util/spring-util-2.0.xsd=org/springframework/beans/factory/xml/spring-util-2.0.xsd, http://www.springframework.org/schema/cache/spring-cache-4.0.xsd=org/springframework/cache/config/spring-cache-4.0.xsd, http://www.springframework.org/schema/lang/spring-lang-2.0.xsd=org/springframework/scripting/config/spring-lang-2.0.xsd, http://www.springframework.org/schema/util/spring-util-4.0.xsd=org/springframework/beans/factory/xml/spring-util-4.0.xsd, http://www.springframework.org/schema/lang/spring-lang-4.0.xsd=org/springframework/scripting/config/spring-lang-4.0.xsd, http://www.springframework.org/schema/tool/spring-tool-3.2.xsd=org/springframework/beans/factory/xml/spring-tool-3.2.xsd, http://www.springframework.org/schema/beans/spring-beans-2.5.xsd=org/springframework/beans/factory/xml/spring-beans-2.5.xsd}
2017-10-19 19:22:14 DEBUG PluggableSchemaResolver:119 - Found XML schema [http://www.springframework.org/schema/beans/spring-beans-3.0.xsd] in classpath: org/springframework/beans/factory/xml/spring-beans-3.0.xsd
2017-10-19 19:22:14 DEBUG PluggableSchemaResolver:119 - Found XML schema [http://www.springframework.org/schema/context/spring-context-3.0.xsd] in classpath: org/springframework/context/config/spring-context-3.0.xsd
2017-10-19 19:22:14 DEBUG PluggableSchemaResolver:119 - Found XML schema [http://www.springframework.org/schema/tool/spring-tool-3.0.xsd] in classpath: org/springframework/beans/factory/xml/spring-tool-3.0.xsd
2017-10-19 19:22:14 DEBUG DefaultBeanDefinitionDocumentReader:108 - Loading bean definitions
2017-10-19 19:22:14 DEBUG DefaultNamespaceHandlerResolver:157 - Loaded NamespaceHandler mappings: {http://www.springframework.org/schema/p=org.springframework.beans.factory.xml.SimplePropertyNamespaceHandler, http://www.springframework.org/schema/mvc=org.springframework.web.servlet.config.MvcNamespaceHandler, http://www.springframework.org/schema/util=org.springframework.beans.factory.xml.UtilNamespaceHandler, http://www.springframework.org/schema/jee=org.springframework.ejb.config.JeeNamespaceHandler, http://www.springframework.org/schema/aop=org.springframework.aop.config.AopNamespaceHandler, http://www.springframework.org/schema/cache=org.springframework.cache.config.CacheNamespaceHandler, http://www.springframework.org/schema/c=org.springframework.beans.factory.xml.SimpleConstructorNamespaceHandler, http://www.springframework.org/schema/task=org.springframework.scheduling.config.TaskNamespaceHandler, http://www.springframework.org/schema/lang=org.springframework.scripting.config.LangNamespaceHandler, http://www.springframework.org/schema/context=org.springframework.context.config.ContextNamespaceHandler}
2017-10-19 19:22:14 DEBUG StandardEnvironment:127 - Initializing new StandardEnvironment
2017-10-19 19:22:14 DEBUG StandardEnvironment:110 - Adding [systemProperties] PropertySource with lowest search precedence
2017-10-19 19:22:14 DEBUG StandardEnvironment:110 - Adding [systemEnvironment] PropertySource with lowest search precedence
2017-10-19 19:22:14 DEBUG StandardEnvironment:131 - Initialized StandardEnvironment with PropertySources [systemProperties,systemEnvironment]
2017-10-19 19:22:14 DEBUG ClassPathBeanDefinitionScanner:242 - JSR-250 'javax.annotation.ManagedBean' found and supported for component scanning
2017-10-19 19:22:14 DEBUG PathMatchingResourcePatternResolver:553 - Looking for matching resources in directory tree [D:\workspace\.metadata\.plugins\org.eclipse.wst.server.core\tmp0\wtpwebapps\DemoMVCSpring\WEB-INF\classes\com\programcreek\helloworld\controller]
2017-10-19 19:22:14 DEBUG PathMatchingResourcePatternResolver:615 - Searching directory [D:\workspace\.metadata\.plugins\org.eclipse.wst.server.core\tmp0\wtpwebapps\DemoMVCSpring\WEB-INF\classes\com\programcreek\helloworld\controller] for files matching pattern [D:/workspace/.metadata/.plugins/org.eclipse.wst.server.core/tmp0/wtpwebapps/DemoMVCSpring/WEB-INF/classes/com/programcreek/helloworld/controller/**/*.class]
2017-10-19 19:22:14 DEBUG PathMatchingResourcePatternResolver:354 - Resolved location pattern [classpath*:com/programcreek/helloworld/controller/**/*.class] to resources [file [D:\workspace\.metadata\.plugins\org.eclipse.wst.server.core\tmp0\wtpwebapps\DemoMVCSpring\WEB-INF\classes\com\programcreek\helloworld\controller\HelloWorldController.class]]
2017-10-19 19:22:14 DEBUG ClassPathBeanDefinitionScanner:284 - Identified candidate component class: file [D:\workspace\.metadata\.plugins\org.eclipse.wst.server.core\tmp0\wtpwebapps\DemoMVCSpring\WEB-INF\classes\com\programcreek\helloworld\controller\HelloWorldController.class]
2017-10-19 19:22:14 DEBUG BeanDefinitionParserDelegate:495 - Neither XML 'id' nor 'name' specified - using generated bean name [org.springframework.web.servlet.view.InternalResourceViewResolver#0]
2017-10-19 19:22:14 DEBUG XmlBeanDefinitionReader:223 - Loaded 6 bean definitions from location pattern [/WEB-INF/dispatcher-servlet.xml]
2017-10-19 19:22:14 DEBUG XmlWebApplicationContext:543 - Bean factory for Root WebApplicationContext: org.springframework.beans.factory.support.DefaultListableBeanFactory@3ce59baf: defining beans [helloWorldController,org.springframework.context.annotation.internalConfigurationAnnotationProcessor,org.springframework.context.annotation.internalAutowiredAnnotationProcessor,org.springframework.context.annotation.internalRequiredAnnotationProcessor,org.springframework.context.annotation.internalCommonAnnotationProcessor,org.springframework.web.servlet.view.InternalResourceViewResolver#0]; root of factory hierarchy
2017-10-19 19:22:14 DEBUG DefaultListableBeanFactory:220 - Creating shared instance of singleton bean 'org.springframework.context.annotation.internalConfigurationAnnotationProcessor'
2017-10-19 19:22:14 DEBUG DefaultListableBeanFactory:449 - Creating instance of bean 'org.springframework.context.annotation.internalConfigurationAnnotationProcessor'
2017-10-19 19:22:14 DEBUG DefaultListableBeanFactory:523 - Eagerly caching bean 'org.springframework.context.annotation.internalConfigurationAnnotationProcessor' to allow for resolving potential circular references
2017-10-19 19:22:14 DEBUG DefaultListableBeanFactory:477 - Finished creating instance of bean 'org.springframework.context.annotation.internalConfigurationAnnotationProcessor'
2017-10-19 19:22:14 DEBUG DefaultListableBeanFactory:220 - Creating shared instance of singleton bean 'org.springframework.context.annotation.internalAutowiredAnnotationProcessor'
2017-10-19 19:22:14 DEBUG DefaultListableBeanFactory:449 - Creating instance of bean 'org.springframework.context.annotation.internalAutowiredAnnotationProcessor'
2017-10-19 19:22:14 DEBUG DefaultListableBeanFactory:523 - Eagerly caching bean 'org.springframework.context.annotation.internalAutowiredAnnotationProcessor' to allow for resolving potential circular references
2017-10-19 19:22:14 DEBUG DefaultListableBeanFactory:477 - Finished creating instance of bean 'org.springframework.context.annotation.internalAutowiredAnnotationProcessor'
2017-10-19 19:22:14 DEBUG DefaultListableBeanFactory:220 - Creating shared instance of singleton bean 'org.springframework.context.annotation.internalRequiredAnnotationProcessor'
2017-10-19 19:22:14 DEBUG DefaultListableBeanFactory:449 - Creating instance of bean 'org.springframework.context.annotation.internalRequiredAnnotationProcessor'
2017-10-19 19:22:14 DEBUG DefaultListableBeanFactory:523 - Eagerly caching bean 'org.springframework.context.annotation.internalRequiredAnnotationProcessor' to allow for resolving potential circular references
2017-10-19 19:22:14 DEBUG DefaultListableBeanFactory:477 - Finished creating instance of bean 'org.springframework.context.annotation.internalRequiredAnnotationProcessor'
2017-10-19 19:22:14 DEBUG DefaultListableBeanFactory:220 - Creating shared instance of singleton bean 'org.springframework.context.annotation.internalCommonAnnotationProcessor'
2017-10-19 19:22:14 DEBUG DefaultListableBeanFactory:449 - Creating instance of bean 'org.springframework.context.annotation.internalCommonAnnotationProcessor'
2017-10-19 19:22:14 DEBUG DefaultListableBeanFactory:523 - Eagerly caching bean 'org.springframework.context.annotation.internalCommonAnnotationProcessor' to allow for resolving potential circular references
2017-10-19 19:22:14 DEBUG DefaultListableBeanFactory:477 - Finished creating instance of bean 'org.springframework.context.annotation.internalCommonAnnotationProcessor'
2017-10-19 19:22:14 DEBUG DefaultListableBeanFactory:220 - Creating shared instance of singleton bean 'org.springframework.context.annotation.ConfigurationClassPostProcessor.importAwareProcessor'
2017-10-19 19:22:14 DEBUG DefaultListableBeanFactory:449 - Creating instance of bean 'org.springframework.context.annotation.ConfigurationClassPostProcessor.importAwareProcessor'
2017-10-19 19:22:14 DEBUG DefaultListableBeanFactory:523 - Eagerly caching bean 'org.springframework.context.annotation.ConfigurationClassPostProcessor.importAwareProcessor' to allow for resolving potential circular references
2017-10-19 19:22:14 DEBUG DefaultListableBeanFactory:477 - Finished creating instance of bean 'org.springframework.context.annotation.ConfigurationClassPostProcessor.importAwareProcessor'
2017-10-19 19:22:14 DEBUG DefaultListableBeanFactory:220 - Creating shared instance of singleton bean 'org.springframework.context.annotation.ConfigurationClassPostProcessor.enhancedConfigurationProcessor'
2017-10-19 19:22:14 DEBUG DefaultListableBeanFactory:449 - Creating instance of bean 'org.springframework.context.annotation.ConfigurationClassPostProcessor.enhancedConfigurationProcessor'
2017-10-19 19:22:14 DEBUG DefaultListableBeanFactory:523 - Eagerly caching bean 'org.springframework.context.annotation.ConfigurationClassPostProcessor.enhancedConfigurationProcessor' to allow for resolving potential circular references
2017-10-19 19:22:14 DEBUG DefaultListableBeanFactory:477 - Finished creating instance of bean 'org.springframework.context.annotation.ConfigurationClassPostProcessor.enhancedConfigurationProcessor'
2017-10-19 19:22:14 DEBUG XmlWebApplicationContext:649 - Unable to locate MessageSource with name 'messageSource': using default [org.springframework.context.support.DelegatingMessageSource@57c1e420]
2017-10-19 19:22:14 DEBUG XmlWebApplicationContext:673 - Unable to locate ApplicationEventMulticaster with name 'applicationEventMulticaster': using default [org.springframework.context.event.SimpleApplicationEventMulticaster@61e8124a]
2017-10-19 19:22:14 DEBUG UiApplicationContextUtils:85 - Unable to locate ThemeSource with name 'themeSource': using default [org.springframework.ui.context.support.ResourceBundleThemeSource@a043cdb]
2017-10-19 19:22:14 DEBUG DefaultListableBeanFactory:669 - Pre-instantiating singletons in org.springframework.beans.factory.support.DefaultListableBeanFactory@3ce59baf: defining beans [helloWorldController,org.springframework.context.annotation.internalConfigurationAnnotationProcessor,org.springframework.context.annotation.internalAutowiredAnnotationProcessor,org.springframework.context.annotation.internalRequiredAnnotationProcessor,org.springframework.context.annotation.internalCommonAnnotationProcessor,org.springframework.web.servlet.view.InternalResourceViewResolver#0,org.springframework.context.annotation.ConfigurationClassPostProcessor.importAwareProcessor,org.springframework.context.annotation.ConfigurationClassPostProcessor.enhancedConfigurationProcessor]; root of factory hierarchy
2017-10-19 19:22:14 DEBUG DefaultListableBeanFactory:220 - Creating shared instance of singleton bean 'helloWorldController'
2017-10-19 19:22:14 DEBUG DefaultListableBeanFactory:449 - Creating instance of bean 'helloWorldController'
2017-10-19 19:22:14 DEBUG DefaultListableBeanFactory:523 - Eagerly caching bean 'helloWorldController' to allow for resolving potential circular references
2017-10-19 19:22:14 DEBUG DefaultListableBeanFactory:477 - Finished creating instance of bean 'helloWorldController'
2017-10-19 19:22:14 DEBUG DefaultListableBeanFactory:249 - Returning cached instance of singleton bean 'org.springframework.context.annotation.internalConfigurationAnnotationProcessor'
2017-10-19 19:22:14 DEBUG DefaultListableBeanFactory:249 - Returning cached instance of singleton bean 'org.springframework.context.annotation.internalAutowiredAnnotationProcessor'
2017-10-19 19:22:14 DEBUG DefaultListableBeanFactory:249 - Returning cached instance of singleton bean 'org.springframework.context.annotation.internalRequiredAnnotationProcessor'
2017-10-19 19:22:14 DEBUG DefaultListableBeanFactory:249 - Returning cached instance of singleton bean 'org.springframework.context.annotation.internalCommonAnnotationProcessor'
2017-10-19 19:22:14 DEBUG DefaultListableBeanFactory:220 - Creating shared instance of singleton bean 'org.springframework.web.servlet.view.InternalResourceViewResolver#0'
2017-10-19 19:22:14 DEBUG DefaultListableBeanFactory:449 - Creating instance of bean 'org.springframework.web.servlet.view.InternalResourceViewResolver#0'
2017-10-19 19:22:15 DEBUG DefaultListableBeanFactory:523 - Eagerly caching bean 'org.springframework.web.servlet.view.InternalResourceViewResolver#0' to allow for resolving potential circular references
2017-10-19 19:22:15 DEBUG DefaultListableBeanFactory:477 - Finished creating instance of bean 'org.springframework.web.servlet.view.InternalResourceViewResolver#0'
2017-10-19 19:22:15 DEBUG DefaultListableBeanFactory:249 - Returning cached instance of singleton bean 'org.springframework.context.annotation.ConfigurationClassPostProcessor.importAwareProcessor'
2017-10-19 19:22:15 DEBUG DefaultListableBeanFactory:249 - Returning cached instance of singleton bean 'org.springframework.context.annotation.ConfigurationClassPostProcessor.enhancedConfigurationProcessor'
2017-10-19 19:22:15 DEBUG XmlWebApplicationContext:700 - Unable to locate LifecycleProcessor with name 'lifecycleProcessor': using default [org.springframework.context.support.DefaultLifecycleProcessor@2f15d653]
2017-10-19 19:22:15 DEBUG DefaultListableBeanFactory:249 - Returning cached instance of singleton bean 'lifecycleProcessor'
2017-10-19 19:22:15 DEBUG PropertySourcesPropertyResolver:81 - Searching for key 'spring.liveBeansView.mbeanDomain' in [servletConfigInitParams]
2017-10-19 19:22:15 DEBUG PropertySourcesPropertyResolver:81 - Searching for key 'spring.liveBeansView.mbeanDomain' in [servletContextInitParams]
2017-10-19 19:22:15 DEBUG PropertySourcesPropertyResolver:81 - Searching for key 'spring.liveBeansView.mbeanDomain' in [jndiProperties]
2017-10-19 19:22:15 DEBUG JndiTemplate:150 - Looking up JNDI object with name [java:comp/env/spring.liveBeansView.mbeanDomain]
2017-10-19 19:22:15 DEBUG JndiLocatorDelegate:101 - Converted JNDI name [java:comp/env/spring.liveBeansView.mbeanDomain] not found - trying original name [spring.liveBeansView.mbeanDomain]. javax.naming.NameNotFoundException: Name [spring.liveBeansView.mbeanDomain] is not bound in this Context. Unable to find [spring.liveBeansView.mbeanDomain].
2017-10-19 19:22:15 DEBUG JndiTemplate:150 - Looking up JNDI object with name [spring.liveBeansView.mbeanDomain]
2017-10-19 19:22:15 DEBUG JndiPropertySource:87 - JNDI lookup for name [spring.liveBeansView.mbeanDomain] threw NamingException with message: Name [spring.liveBeansView.mbeanDomain] is not bound in this Context. Unable to find [spring.liveBeansView.mbeanDomain].. Returning null.
2017-10-19 19:22:15 DEBUG PropertySourcesPropertyResolver:81 - Searching for key 'spring.liveBeansView.mbeanDomain' in [systemProperties]
2017-10-19 19:22:15 DEBUG PropertySourcesPropertyResolver:81 - Searching for key 'spring.liveBeansView.mbeanDomain' in [systemEnvironment]
2017-10-19 19:22:15 DEBUG PropertySourcesPropertyResolver:103 - Could not find key 'spring.liveBeansView.mbeanDomain' in any property source. Returning [null]
2017-10-19 19:22:15 DEBUG ContextLoader:320 - Published root WebApplicationContext as ServletContext attribute with name [org.springframework.web.context.WebApplicationContext.ROOT]
2017-10-19 19:22:15 INFO  ContextLoader:325 - Root WebApplicationContext: initialization completed in 1627 ms
2017-10-19 19:22:15 DEBUG DispatcherServlet:118 - Initializing servlet 'dispatcher'
2017-10-19 19:22:15 DEBUG StandardServletEnvironment:127 - Initializing new StandardServletEnvironment
2017-10-19 19:22:15 DEBUG StandardServletEnvironment:110 - Adding [servletConfigInitParams] PropertySource with lowest search precedence
2017-10-19 19:22:15 DEBUG StandardServletEnvironment:110 - Adding [servletContextInitParams] PropertySource with lowest search precedence
2017-10-19 19:22:15 DEBUG StandardServletEnvironment:110 - Adding [jndiProperties] PropertySource with lowest search precedence
2017-10-19 19:22:15 DEBUG StandardServletEnvironment:110 - Adding [systemProperties] PropertySource with lowest search precedence
2017-10-19 19:22:15 DEBUG StandardServletEnvironment:110 - Adding [systemEnvironment] PropertySource with lowest search precedence
2017-10-19 19:22:15 DEBUG StandardServletEnvironment:131 - Initialized StandardServletEnvironment with PropertySources [servletConfigInitParams,servletContextInitParams,jndiProperties,systemProperties,systemEnvironment]
2017-10-19 19:22:15 INFO  DispatcherServlet:479 - FrameworkServlet 'dispatcher': initialization started
2017-10-19 19:22:15 DEBUG DispatcherServlet:607 - Servlet with name 'dispatcher' will try to create custom WebApplicationContext context of class 'org.springframework.web.context.support.XmlWebApplicationContext', using parent context [Root WebApplicationContext: startup date [Thu Oct 19 19:22:13 IST 2017]; root of context hierarchy]
2017-10-19 19:22:15 DEBUG PropertySourcesPropertyResolver:81 - Searching for key 'spring.profiles.active' in [servletConfigInitParams]
2017-10-19 19:22:15 DEBUG PropertySourcesPropertyResolver:81 - Searching for key 'spring.profiles.active' in [servletContextInitParams]
2017-10-19 19:22:15 DEBUG PropertySourcesPropertyResolver:81 - Searching for key 'spring.profiles.active' in [jndiProperties]
2017-10-19 19:22:15 DEBUG JndiTemplate:150 - Looking up JNDI object with name [java:comp/env/spring.profiles.active]
2017-10-19 19:22:15 DEBUG JndiLocatorDelegate:101 - Converted JNDI name [java:comp/env/spring.profiles.active] not found - trying original name [spring.profiles.active]. javax.naming.NameNotFoundException: Name [spring.profiles.active] is not bound in this Context. Unable to find [spring.profiles.active].
2017-10-19 19:22:15 DEBUG JndiTemplate:150 - Looking up JNDI object with name [spring.profiles.active]
2017-10-19 19:22:15 DEBUG JndiPropertySource:87 - JNDI lookup for name [spring.profiles.active] threw NamingException with message: Name [spring.profiles.active] is not bound in this Context. Unable to find [spring.profiles.active].. Returning null.
2017-10-19 19:22:15 DEBUG PropertySourcesPropertyResolver:81 - Searching for key 'spring.profiles.active' in [systemProperties]
2017-10-19 19:22:15 DEBUG PropertySourcesPropertyResolver:81 - Searching for key 'spring.profiles.active' in [systemEnvironment]
2017-10-19 19:22:15 DEBUG PropertySourcesPropertyResolver:103 - Could not find key 'spring.profiles.active' in any property source. Returning [null]
2017-10-19 19:22:15 DEBUG PropertySourcesPropertyResolver:81 - Searching for key 'spring.profiles.default' in [servletConfigInitParams]
2017-10-19 19:22:15 DEBUG PropertySourcesPropertyResolver:81 - Searching for key 'spring.profiles.default' in [servletContextInitParams]
2017-10-19 19:22:15 DEBUG PropertySourcesPropertyResolver:81 - Searching for key 'spring.profiles.default' in [jndiProperties]
2017-10-19 19:22:15 DEBUG JndiTemplate:150 - Looking up JNDI object with name [java:comp/env/spring.profiles.default]
2017-10-19 19:22:15 DEBUG JndiLocatorDelegate:101 - Converted JNDI name [java:comp/env/spring.profiles.default] not found - trying original name [spring.profiles.default]. javax.naming.NameNotFoundException: Name [spring.profiles.default] is not bound in this Context. Unable to find [spring.profiles.default].
2017-10-19 19:22:15 DEBUG JndiTemplate:150 - Looking up JNDI object with name [spring.profiles.default]
2017-10-19 19:22:15 DEBUG JndiPropertySource:87 - JNDI lookup for name [spring.profiles.default] threw NamingException with message: Name [spring.profiles.default] is not bound in this Context. Unable to find [spring.profiles.default].. Returning null.
2017-10-19 19:22:15 DEBUG PropertySourcesPropertyResolver:81 - Searching for key 'spring.profiles.default' in [systemProperties]
2017-10-19 19:22:15 DEBUG PropertySourcesPropertyResolver:81 - Searching for key 'spring.profiles.default' in [systemEnvironment]
2017-10-19 19:22:15 DEBUG PropertySourcesPropertyResolver:103 - Could not find key 'spring.profiles.default' in any property source. Returning [null]
2017-10-19 19:22:15 DEBUG PropertySourcesPropertyResolver:81 - Searching for key 'spring.profiles.default' in [servletConfigInitParams]
2017-10-19 19:22:15 DEBUG PropertySourcesPropertyResolver:81 - Searching for key 'spring.profiles.default' in [servletContextInitParams]
2017-10-19 19:22:15 DEBUG PropertySourcesPropertyResolver:81 - Searching for key 'spring.profiles.default' in [jndiProperties]
2017-10-19 19:22:15 DEBUG JndiTemplate:150 - Looking up JNDI object with name [java:comp/env/spring.profiles.default]
2017-10-19 19:22:15 DEBUG JndiLocatorDelegate:101 - Converted JNDI name [java:comp/env/spring.profiles.default] not found - trying original name [spring.profiles.default]. javax.naming.NameNotFoundException: Name [spring.profiles.default] is not bound in this Context. Unable to find [spring.profiles.default].
2017-10-19 19:22:15 DEBUG JndiTemplate:150 - Looking up JNDI object with name [spring.profiles.default]
2017-10-19 19:22:15 DEBUG JndiPropertySource:87 - JNDI lookup for name [spring.profiles.default] threw NamingException with message: Name [spring.profiles.default] is not bound in this Context. Unable to find [spring.profiles.default].. Returning null.
2017-10-19 19:22:15 DEBUG PropertySourcesPropertyResolver:81 - Searching for key 'spring.profiles.default' in [systemProperties]
2017-10-19 19:22:15 DEBUG PropertySourcesPropertyResolver:81 - Searching for key 'spring.profiles.default' in [systemEnvironment]
2017-10-19 19:22:15 DEBUG PropertySourcesPropertyResolver:103 - Could not find key 'spring.profiles.default' in any property source. Returning [null]
2017-10-19 19:22:15 DEBUG StandardServletEnvironment:175 - Replacing [servletContextInitParams] PropertySource with [servletContextInitParams]
2017-10-19 19:22:15 DEBUG StandardServletEnvironment:175 - Replacing [servletConfigInitParams] PropertySource with [servletConfigInitParams]
2017-10-19 19:22:15 INFO  XmlWebApplicationContext:513 - Refreshing WebApplicationContext for namespace 'dispatcher-servlet': startup date [Thu Oct 19 19:22:15 IST 2017]; parent: Root WebApplicationContext
2017-10-19 19:22:15 DEBUG StandardEnvironment:127 - Initializing new StandardEnvironment
2017-10-19 19:22:15 DEBUG StandardEnvironment:110 - Adding [systemProperties] PropertySource with lowest search precedence
2017-10-19 19:22:15 DEBUG StandardEnvironment:110 - Adding [systemEnvironment] PropertySource with lowest search precedence
2017-10-19 19:22:15 DEBUG StandardEnvironment:131 - Initialized StandardEnvironment with PropertySources [systemProperties,systemEnvironment]
2017-10-19 19:22:15 INFO  XmlBeanDefinitionReader:316 - Loading XML bean definitions from ServletContext resource [/WEB-INF/dispatcher-servlet.xml]
2017-10-19 19:22:15 DEBUG DefaultDocumentLoader:73 - Using JAXP provider [com.sun.org.apache.xerces.internal.jaxp.DocumentBuilderFactoryImpl]
2017-10-19 19:22:15 DEBUG PluggableSchemaResolver:141 - Loading schema mappings from [META-INF/spring.schemas]
2017-10-19 19:22:15 DEBUG PluggableSchemaResolver:147 - Loaded schema mappings: {http://www.springframework.org/schema/jee/spring-jee-3.2.xsd=org/springframework/ejb/config/spring-jee-3.2.xsd, http://www.springframework.org/schema/util/spring-util.xsd=org/springframework/beans/factory/xml/spring-util-4.0.xsd, http://www.springframework.org/schema/mvc/spring-mvc-3.1.xsd=org/springframework/web/servlet/config/spring-mvc-3.1.xsd, http://www.springframework.org/schema/task/spring-task.xsd=org/springframework/scheduling/config/spring-task-4.0.xsd, http://www.springframework.org/schema/beans/spring-beans-3.1.xsd=org/springframework/beans/factory/xml/spring-beans-3.1.xsd, http://www.springframework.org/schema/cache/spring-cache.xsd=org/springframework/cache/config/spring-cache-4.0.xsd, http://www.springframework.org/schema/aop/spring-aop-3.0.xsd=org/springframework/aop/config/spring-aop-3.0.xsd, http://www.springframework.org/schema/task/spring-task-3.1.xsd=org/springframework/scheduling/config/spring-task-3.1.xsd, http://www.springframework.org/schema/aop/spring-aop-2.0.xsd=org/springframework/aop/config/spring-aop-2.0.xsd, http://www.springframework.org/schema/aop/spring-aop-4.0.xsd=org/springframework/aop/config/spring-aop-4.0.xsd, http://www.springframework.org/schema/tool/spring-tool-2.5.xsd=org/springframework/beans/factory/xml/spring-tool-2.5.xsd, http://www.springframework.org/schema/beans/spring-beans.xsd=org/springframework/beans/factory/xml/spring-beans-4.0.xsd, http://www.springframework.org/schema/jee/spring-jee-2.5.xsd=org/springframework/ejb/config/spring-jee-2.5.xsd, http://www.springframework.org/schema/tool/spring-tool-3.1.xsd=org/springframework/beans/factory/xml/spring-tool-3.1.xsd, http://www.springframework.org/schema/jee/spring-jee-3.1.xsd=org/springframework/ejb/config/spring-jee-3.1.xsd, http://www.springframework.org/schema/aop/spring-aop.xsd=org/springframework/aop/config/spring-aop-4.0.xsd, http://www.springframework.org/schema/context/spring-context-3.2.xsd=org/springframework/context/config/spring-context-3.2.xsd, http://www.springframework.org/schema/beans/spring-beans-2.0.xsd=org/springframework/beans/factory/xml/spring-beans-2.0.xsd, http://www.springframework.org/schema/util/spring-util-3.2.xsd=org/springframework/beans/factory/xml/spring-util-3.2.xsd, http://www.springframework.org/schema/mvc/spring-mvc-3.0.xsd=org/springframework/web/servlet/config/spring-mvc-3.0.xsd, http://www.springframework.org/schema/lang/spring-lang-3.2.xsd=org/springframework/scripting/config/spring-lang-3.2.xsd, http://www.springframework.org/schema/beans/spring-beans-4.0.xsd=org/springframework/beans/factory/xml/spring-beans-4.0.xsd, http://www.springframework.org/schema/beans/spring-beans-3.0.xsd=org/springframework/beans/factory/xml/spring-beans-3.0.xsd, http://www.springframework.org/schema/mvc/spring-mvc-4.0.xsd=org/springframework/web/servlet/config/spring-mvc-4.0.xsd, http://www.springframework.org/schema/cache/spring-cache-3.2.xsd=org/springframework/cache/config/spring-cache-3.2.xsd, http://www.springframework.org/schema/task/spring-task-3.0.xsd=org/springframework/scheduling/config/spring-task-3.0.xsd, http://www.springframework.org/schema/task/spring-task-4.0.xsd=org/springframework/scheduling/config/spring-task-4.0.xsd, http://www.springframework.org/schema/context/spring-context-2.5.xsd=org/springframework/context/config/spring-context-2.5.xsd, http://www.springframework.org/schema/tool/spring-tool-3.0.xsd=org/springframework/beans/factory/xml/spring-tool-3.0.xsd, http://www.springframework.org/schema/lang/spring-lang.xsd=org/springframework/scripting/config/spring-lang-4.0.xsd, http://www.springframework.org/schema/tool/spring-tool-2.0.xsd=org/springframework/beans/factory/xml/spring-tool-2.0.xsd, http://www.springframework.org/schema/util/spring-util-2.5.xsd=org/springframework/beans/factory/xml/spring-util-2.5.xsd, http://www.springframework.org/schema/lang/spring-lang-2.5.xsd=org/springframework/scripting/config/spring-lang-2.5.xsd, http://www.springframework.org/schema/tool/spring-tool-4.0.xsd=org/springframework/beans/factory/xml/spring-tool-4.0.xsd, http://www.springframework.org/schema/aop/spring-aop-3.2.xsd=org/springframework/aop/config/spring-aop-3.2.xsd, http://www.springframework.org/schema/jee/spring-jee-3.0.xsd=org/springframework/ejb/config/spring-jee-3.0.xsd, http://www.springframework.org/schema/jee/spring-jee-2.0.xsd=org/springframework/ejb/config/spring-jee-2.0.xsd, http://www.springframework.org/schema/context/spring-context-3.1.xsd=org/springframework/context/config/spring-context-3.1.xsd, http://www.springframework.org/schema/jee/spring-jee-4.0.xsd=org/springframework/ejb/config/spring-jee-4.0.xsd, http://www.springframework.org/schema/util/spring-util-3.1.xsd=org/springframework/beans/factory/xml/spring-util-3.1.xsd, http://www.springframework.org/schema/lang/spring-lang-3.1.xsd=org/springframework/scripting/config/spring-lang-3.1.xsd, http://www.springframework.org/schema/cache/spring-cache-3.1.xsd=org/springframework/cache/config/spring-cache-3.1.xsd, http://www.springframework.org/schema/context/spring-context.xsd=org/springframework/context/config/spring-context-4.0.xsd, http://www.springframework.org/schema/jee/spring-jee.xsd=org/springframework/ejb/config/spring-jee-4.0.xsd, http://www.springframework.org/schema/aop/spring-aop-2.5.xsd=org/springframework/aop/config/spring-aop-2.5.xsd, http://www.springframework.org/schema/mvc/spring-mvc.xsd=org/springframework/web/servlet/config/spring-mvc-4.0.xsd, http://www.springframework.org/schema/mvc/spring-mvc-3.2.xsd=org/springframework/web/servlet/config/spring-mvc-3.2.xsd, http://www.springframework.org/schema/beans/spring-beans-3.2.xsd=org/springframework/beans/factory/xml/spring-beans-3.2.xsd, http://www.springframework.org/schema/aop/spring-aop-3.1.xsd=org/springframework/aop/config/spring-aop-3.1.xsd, http://www.springframework.org/schema/task/spring-task-3.2.xsd=org/springframework/scheduling/config/spring-task-3.2.xsd, http://www.springframework.org/schema/context/spring-context-4.0.xsd=org/springframework/context/config/spring-context-4.0.xsd, http://www.springframework.org/schema/context/spring-context-3.0.xsd=org/springframework/context/config/spring-context-3.0.xsd, http://www.springframework.org/schema/tool/spring-tool.xsd=org/springframework/beans/factory/xml/spring-tool-4.0.xsd, http://www.springframework.org/schema/util/spring-util-3.0.xsd=org/springframework/beans/factory/xml/spring-util-3.0.xsd, http://www.springframework.org/schema/lang/spring-lang-3.0.xsd=org/springframework/scripting/config/spring-lang-3.0.xsd, http://www.springframework.org/schema/util/spring-util-2.0.xsd=org/springframework/beans/factory/xml/spring-util-2.0.xsd, http://www.springframework.org/schema/cache/spring-cache-4.0.xsd=org/springframework/cache/config/spring-cache-4.0.xsd, http://www.springframework.org/schema/lang/spring-lang-2.0.xsd=org/springframework/scripting/config/spring-lang-2.0.xsd, http://www.springframework.org/schema/util/spring-util-4.0.xsd=org/springframework/beans/factory/xml/spring-util-4.0.xsd, http://www.springframework.org/schema/lang/spring-lang-4.0.xsd=org/springframework/scripting/config/spring-lang-4.0.xsd, http://www.springframework.org/schema/tool/spring-tool-3.2.xsd=org/springframework/beans/factory/xml/spring-tool-3.2.xsd, http://www.springframework.org/schema/beans/spring-beans-2.5.xsd=org/springframework/beans/factory/xml/spring-beans-2.5.xsd}
2017-10-19 19:22:15 DEBUG PluggableSchemaResolver:119 - Found XML schema [http://www.springframework.org/schema/beans/spring-beans-3.0.xsd] in classpath: org/springframework/beans/factory/xml/spring-beans-3.0.xsd
2017-10-19 19:22:15 DEBUG PluggableSchemaResolver:119 - Found XML schema [http://www.springframework.org/schema/context/spring-context-3.0.xsd] in classpath: org/springframework/context/config/spring-context-3.0.xsd
2017-10-19 19:22:15 DEBUG PluggableSchemaResolver:119 - Found XML schema [http://www.springframework.org/schema/tool/spring-tool-3.0.xsd] in classpath: org/springframework/beans/factory/xml/spring-tool-3.0.xsd
2017-10-19 19:22:15 DEBUG DefaultBeanDefinitionDocumentReader:108 - Loading bean definitions
2017-10-19 19:22:15 DEBUG DefaultNamespaceHandlerResolver:157 - Loaded NamespaceHandler mappings: {http://www.springframework.org/schema/p=org.springframework.beans.factory.xml.SimplePropertyNamespaceHandler, http://www.springframework.org/schema/mvc=org.springframework.web.servlet.config.MvcNamespaceHandler, http://www.springframework.org/schema/util=org.springframework.beans.factory.xml.UtilNamespaceHandler, http://www.springframework.org/schema/jee=org.springframework.ejb.config.JeeNamespaceHandler, http://www.springframework.org/schema/aop=org.springframework.aop.config.AopNamespaceHandler, http://www.springframework.org/schema/cache=org.springframework.cache.config.CacheNamespaceHandler, http://www.springframework.org/schema/c=org.springframework.beans.factory.xml.SimpleConstructorNamespaceHandler, http://www.springframework.org/schema/task=org.springframework.scheduling.config.TaskNamespaceHandler, http://www.springframework.org/schema/lang=org.springframework.scripting.config.LangNamespaceHandler, http://www.springframework.org/schema/context=org.springframework.context.config.ContextNamespaceHandler}
2017-10-19 19:22:15 DEBUG StandardEnvironment:127 - Initializing new StandardEnvironment
2017-10-19 19:22:15 DEBUG StandardEnvironment:110 - Adding [systemProperties] PropertySource with lowest search precedence
2017-10-19 19:22:15 DEBUG StandardEnvironment:110 - Adding [systemEnvironment] PropertySource with lowest search precedence
2017-10-19 19:22:15 DEBUG StandardEnvironment:131 - Initialized StandardEnvironment with PropertySources [systemProperties,systemEnvironment]
2017-10-19 19:22:15 DEBUG ClassPathBeanDefinitionScanner:242 - JSR-250 'javax.annotation.ManagedBean' found and supported for component scanning
2017-10-19 19:22:15 DEBUG PathMatchingResourcePatternResolver:553 - Looking for matching resources in directory tree [D:\workspace\.metadata\.plugins\org.eclipse.wst.server.core\tmp0\wtpwebapps\DemoMVCSpring\WEB-INF\classes\com\programcreek\helloworld\controller]
2017-10-19 19:22:15 DEBUG PathMatchingResourcePatternResolver:615 - Searching directory [D:\workspace\.metadata\.plugins\org.eclipse.wst.server.core\tmp0\wtpwebapps\DemoMVCSpring\WEB-INF\classes\com\programcreek\helloworld\controller] for files matching pattern [D:/workspace/.metadata/.plugins/org.eclipse.wst.server.core/tmp0/wtpwebapps/DemoMVCSpring/WEB-INF/classes/com/programcreek/helloworld/controller/**/*.class]
2017-10-19 19:22:15 DEBUG PathMatchingResourcePatternResolver:354 - Resolved location pattern [classpath*:com/programcreek/helloworld/controller/**/*.class] to resources [file [D:\workspace\.metadata\.plugins\org.eclipse.wst.server.core\tmp0\wtpwebapps\DemoMVCSpring\WEB-INF\classes\com\programcreek\helloworld\controller\HelloWorldController.class]]
2017-10-19 19:22:15 DEBUG ClassPathBeanDefinitionScanner:284 - Identified candidate component class: file [D:\workspace\.metadata\.plugins\org.eclipse.wst.server.core\tmp0\wtpwebapps\DemoMVCSpring\WEB-INF\classes\com\programcreek\helloworld\controller\HelloWorldController.class]
2017-10-19 19:22:15 DEBUG BeanDefinitionParserDelegate:495 - Neither XML 'id' nor 'name' specified - using generated bean name [org.springframework.web.servlet.view.InternalResourceViewResolver#0]
2017-10-19 19:22:15 DEBUG XmlBeanDefinitionReader:223 - Loaded 6 bean definitions from location pattern [/WEB-INF/dispatcher-servlet.xml]
2017-10-19 19:22:15 DEBUG XmlWebApplicationContext:543 - Bean factory for WebApplicationContext for namespace 'dispatcher-servlet': org.springframework.beans.factory.support.DefaultListableBeanFactory@25a78ea5: defining beans [helloWorldController,org.springframework.context.annotation.internalConfigurationAnnotationProcessor,org.springframework.context.annotation.internalAutowiredAnnotationProcessor,org.springframework.context.annotation.internalRequiredAnnotationProcessor,org.springframework.context.annotation.internalCommonAnnotationProcessor,org.springframework.web.servlet.view.InternalResourceViewResolver#0]; parent: org.springframework.beans.factory.support.DefaultListableBeanFactory@3ce59baf
2017-10-19 19:22:15 DEBUG DefaultListableBeanFactory:220 - Creating shared instance of singleton bean 'org.springframework.context.annotation.internalConfigurationAnnotationProcessor'
2017-10-19 19:22:15 DEBUG DefaultListableBeanFactory:449 - Creating instance of bean 'org.springframework.context.annotation.internalConfigurationAnnotationProcessor'
2017-10-19 19:22:15 DEBUG DefaultListableBeanFactory:523 - Eagerly caching bean 'org.springframework.context.annotation.internalConfigurationAnnotationProcessor' to allow for resolving potential circular references
2017-10-19 19:22:15 DEBUG DefaultListableBeanFactory:477 - Finished creating instance of bean 'org.springframework.context.annotation.internalConfigurationAnnotationProcessor'
2017-10-19 19:22:15 DEBUG DefaultListableBeanFactory:220 - Creating shared instance of singleton bean 'org.springframework.context.annotation.internalAutowiredAnnotationProcessor'
2017-10-19 19:22:15 DEBUG DefaultListableBeanFactory:449 - Creating instance of bean 'org.springframework.context.annotation.internalAutowiredAnnotationProcessor'
2017-10-19 19:22:15 DEBUG DefaultListableBeanFactory:523 - Eagerly caching bean 'org.springframework.context.annotation.internalAutowiredAnnotationProcessor' to allow for resolving potential circular references
2017-10-19 19:22:15 DEBUG DefaultListableBeanFactory:477 - Finished creating instance of bean 'org.springframework.context.annotation.internalAutowiredAnnotationProcessor'
2017-10-19 19:22:15 DEBUG DefaultListableBeanFactory:220 - Creating shared instance of singleton bean 'org.springframework.context.annotation.internalRequiredAnnotationProcessor'
2017-10-19 19:22:15 DEBUG DefaultListableBeanFactory:449 - Creating instance of bean 'org.springframework.context.annotation.internalRequiredAnnotationProcessor'
2017-10-19 19:22:15 DEBUG DefaultListableBeanFactory:523 - Eagerly caching bean 'org.springframework.context.annotation.internalRequiredAnnotationProcessor' to allow for resolving potential circular references
2017-10-19 19:22:15 DEBUG DefaultListableBeanFactory:477 - Finished creating instance of bean 'org.springframework.context.annotation.internalRequiredAnnotationProcessor'
2017-10-19 19:22:15 DEBUG DefaultListableBeanFactory:220 - Creating shared instance of singleton bean 'org.springframework.context.annotation.internalCommonAnnotationProcessor'
2017-10-19 19:22:15 DEBUG DefaultListableBeanFactory:449 - Creating instance of bean 'org.springframework.context.annotation.internalCommonAnnotationProcessor'
2017-10-19 19:22:15 DEBUG DefaultListableBeanFactory:523 - Eagerly caching bean 'org.springframework.context.annotation.internalCommonAnnotationProcessor' to allow for resolving potential circular references
2017-10-19 19:22:15 DEBUG DefaultListableBeanFactory:477 - Finished creating instance of bean 'org.springframework.context.annotation.internalCommonAnnotationProcessor'
2017-10-19 19:22:15 DEBUG DefaultListableBeanFactory:220 - Creating shared instance of singleton bean 'org.springframework.context.annotation.ConfigurationClassPostProcessor.importAwareProcessor'
2017-10-19 19:22:15 DEBUG DefaultListableBeanFactory:449 - Creating instance of bean 'org.springframework.context.annotation.ConfigurationClassPostProcessor.importAwareProcessor'
2017-10-19 19:22:15 DEBUG DefaultListableBeanFactory:523 - Eagerly caching bean 'org.springframework.context.annotation.ConfigurationClassPostProcessor.importAwareProcessor' to allow for resolving potential circular references
2017-10-19 19:22:15 DEBUG DefaultListableBeanFactory:477 - Finished creating instance of bean 'org.springframework.context.annotation.ConfigurationClassPostProcessor.importAwareProcessor'
2017-10-19 19:22:15 DEBUG DefaultListableBeanFactory:220 - Creating shared instance of singleton bean 'org.springframework.context.annotation.ConfigurationClassPostProcessor.enhancedConfigurationProcessor'
2017-10-19 19:22:15 DEBUG DefaultListableBeanFactory:449 - Creating instance of bean 'org.springframework.context.annotation.ConfigurationClassPostProcessor.enhancedConfigurationProcessor'
2017-10-19 19:22:15 DEBUG DefaultListableBeanFactory:523 - Eagerly caching bean 'org.springframework.context.annotation.ConfigurationClassPostProcessor.enhancedConfigurationProcessor' to allow for resolving potential circular references
2017-10-19 19:22:15 DEBUG DefaultListableBeanFactory:477 - Finished creating instance of bean 'org.springframework.context.annotation.ConfigurationClassPostProcessor.enhancedConfigurationProcessor'
2017-10-19 19:22:15 DEBUG XmlWebApplicationContext:649 - Unable to locate MessageSource with name 'messageSource': using default [org.springframework.context.support.DelegatingMessageSource@14121588]
2017-10-19 19:22:15 DEBUG XmlWebApplicationContext:673 - Unable to locate ApplicationEventMulticaster with name 'applicationEventMulticaster': using default [org.springframework.context.event.SimpleApplicationEventMulticaster@5149f357]
2017-10-19 19:22:15 DEBUG UiApplicationContextUtils:85 - Unable to locate ThemeSource with name 'themeSource': using default [org.springframework.ui.context.support.DelegatingThemeSource@1a6080ec]
2017-10-19 19:22:15 DEBUG DefaultListableBeanFactory:669 - Pre-instantiating singletons in org.springframework.beans.factory.support.DefaultListableBeanFactory@25a78ea5: defining beans [helloWorldController,org.springframework.context.annotation.internalConfigurationAnnotationProcessor,org.springframework.context.annotation.internalAutowiredAnnotationProcessor,org.springframework.context.annotation.internalRequiredAnnotationProcessor,org.springframework.context.annotation.internalCommonAnnotationProcessor,org.springframework.web.servlet.view.InternalResourceViewResolver#0,org.springframework.context.annotation.ConfigurationClassPostProcessor.importAwareProcessor,org.springframework.context.annotation.ConfigurationClassPostProcessor.enhancedConfigurationProcessor]; parent: org.springframework.beans.factory.support.DefaultListableBeanFactory@3ce59baf
2017-10-19 19:22:15 DEBUG DefaultListableBeanFactory:220 - Creating shared instance of singleton bean 'helloWorldController'
2017-10-19 19:22:15 DEBUG DefaultListableBeanFactory:449 - Creating instance of bean 'helloWorldController'
2017-10-19 19:22:15 DEBUG DefaultListableBeanFactory:523 - Eagerly caching bean 'helloWorldController' to allow for resolving potential circular references
2017-10-19 19:22:15 DEBUG DefaultListableBeanFactory:477 - Finished creating instance of bean 'helloWorldController'
2017-10-19 19:22:15 DEBUG DefaultListableBeanFactory:249 - Returning cached instance of singleton bean 'org.springframework.context.annotation.internalConfigurationAnnotationProcessor'
2017-10-19 19:22:15 DEBUG DefaultListableBeanFactory:249 - Returning cached instance of singleton bean 'org.springframework.context.annotation.internalAutowiredAnnotationProcessor'
2017-10-19 19:22:15 DEBUG DefaultListableBeanFactory:249 - Returning cached instance of singleton bean 'org.springframework.context.annotation.internalRequiredAnnotationProcessor'
2017-10-19 19:22:15 DEBUG DefaultListableBeanFactory:249 - Returning cached instance of singleton bean 'org.springframework.context.annotation.internalCommonAnnotationProcessor'
2017-10-19 19:22:15 DEBUG DefaultListableBeanFactory:220 - Creating shared instance of singleton bean 'org.springframework.web.servlet.view.InternalResourceViewResolver#0'
2017-10-19 19:22:15 DEBUG DefaultListableBeanFactory:449 - Creating instance of bean 'org.springframework.web.servlet.view.InternalResourceViewResolver#0'
2017-10-19 19:22:15 DEBUG DefaultListableBeanFactory:523 - Eagerly caching bean 'org.springframework.web.servlet.view.InternalResourceViewResolver#0' to allow for resolving potential circular references
2017-10-19 19:22:15 DEBUG DefaultListableBeanFactory:477 - Finished creating instance of bean 'org.springframework.web.servlet.view.InternalResourceViewResolver#0'
2017-10-19 19:22:15 DEBUG DefaultListableBeanFactory:249 - Returning cached instance of singleton bean 'org.springframework.context.annotation.ConfigurationClassPostProcessor.importAwareProcessor'
2017-10-19 19:22:15 DEBUG DefaultListableBeanFactory:249 - Returning cached instance of singleton bean 'org.springframework.context.annotation.ConfigurationClassPostProcessor.enhancedConfigurationProcessor'
2017-10-19 19:22:15 DEBUG XmlWebApplicationContext:700 - Unable to locate LifecycleProcessor with name 'lifecycleProcessor': using default [org.springframework.context.support.DefaultLifecycleProcessor@42d1bbc]
2017-10-19 19:22:15 DEBUG DefaultListableBeanFactory:249 - Returning cached instance of singleton bean 'lifecycleProcessor'
2017-10-19 19:22:15 DEBUG DispatcherServlet:487 - Unable to locate MultipartResolver with name 'multipartResolver': no multipart request handling provided
2017-10-19 19:22:15 DEBUG DefaultListableBeanFactory:449 - Creating instance of bean 'org.springframework.web.servlet.i18n.AcceptHeaderLocaleResolver'
2017-10-19 19:22:15 DEBUG DefaultListableBeanFactory:477 - Finished creating instance of bean 'org.springframework.web.servlet.i18n.AcceptHeaderLocaleResolver'
2017-10-19 19:22:15 DEBUG DispatcherServlet:509 - Unable to locate LocaleResolver with name 'localeResolver': using default [org.springframework.web.servlet.i18n.AcceptHeaderLocaleResolver@1ad80fd1]
2017-10-19 19:22:15 DEBUG DefaultListableBeanFactory:449 - Creating instance of bean 'org.springframework.web.servlet.theme.FixedThemeResolver'
2017-10-19 19:22:15 DEBUG DefaultListableBeanFactory:477 - Finished creating instance of bean 'org.springframework.web.servlet.theme.FixedThemeResolver'
2017-10-19 19:22:15 DEBUG DispatcherServlet:531 - Unable to locate ThemeResolver with name 'themeResolver': using default [org.springframework.web.servlet.theme.FixedThemeResolver@323dcd43]
2017-10-19 19:22:15 DEBUG DefaultListableBeanFactory:449 - Creating instance of bean 'org.springframework.web.servlet.handler.BeanNameUrlHandlerMapping'
2017-10-19 19:22:15 DEBUG BeanNameUrlHandlerMapping:71 - Looking for URL mappings in application context: WebApplicationContext for namespace 'dispatcher-servlet': startup date [Thu Oct 19 19:22:15 IST 2017]; parent: Root WebApplicationContext
2017-10-19 19:22:15 DEBUG BeanNameUrlHandlerMapping:86 - Rejected bean name 'helloWorldController': no URL paths identified
2017-10-19 19:22:15 DEBUG BeanNameUrlHandlerMapping:86 - Rejected bean name 'org.springframework.context.annotation.internalConfigurationAnnotationProcessor': no URL paths identified
2017-10-19 19:22:15 DEBUG BeanNameUrlHandlerMapping:86 - Rejected bean name 'org.springframework.context.annotation.internalAutowiredAnnotationProcessor': no URL paths identified
2017-10-19 19:22:15 DEBUG BeanNameUrlHandlerMapping:86 - Rejected bean name 'org.springframework.context.annotation.internalRequiredAnnotationProcessor': no URL paths identified
2017-10-19 19:22:15 DEBUG BeanNameUrlHandlerMapping:86 - Rejected bean name 'org.springframework.context.annotation.internalCommonAnnotationProcessor': no URL paths identified
2017-10-19 19:22:15 DEBUG BeanNameUrlHandlerMapping:86 - Rejected bean name 'org.springframework.web.servlet.view.InternalResourceViewResolver#0': no URL paths identified
2017-10-19 19:22:15 DEBUG BeanNameUrlHandlerMapping:86 - Rejected bean name 'org.springframework.context.annotation.ConfigurationClassPostProcessor.importAwareProcessor': no URL paths identified
2017-10-19 19:22:15 DEBUG BeanNameUrlHandlerMapping:86 - Rejected bean name 'org.springframework.context.annotation.ConfigurationClassPostProcessor.enhancedConfigurationProcessor': no URL paths identified
2017-10-19 19:22:15 DEBUG BeanNameUrlHandlerMapping:86 - Rejected bean name 'environment': no URL paths identified
2017-10-19 19:22:15 DEBUG BeanNameUrlHandlerMapping:86 - Rejected bean name 'systemProperties': no URL paths identified
2017-10-19 19:22:15 DEBUG BeanNameUrlHandlerMapping:86 - Rejected bean name 'systemEnvironment': no URL paths identified
2017-10-19 19:22:15 DEBUG BeanNameUrlHandlerMapping:86 - Rejected bean name 'servletConfig': no URL paths identified
2017-10-19 19:22:15 DEBUG BeanNameUrlHandlerMapping:86 - Rejected bean name 'org.springframework.context.annotation.ConfigurationClassPostProcessor.importRegistry': no URL paths identified
2017-10-19 19:22:15 DEBUG BeanNameUrlHandlerMapping:86 - Rejected bean name 'messageSource': no URL paths identified
2017-10-19 19:22:15 DEBUG BeanNameUrlHandlerMapping:86 - Rejected bean name 'applicationEventMulticaster': no URL paths identified
2017-10-19 19:22:15 DEBUG BeanNameUrlHandlerMapping:86 - Rejected bean name 'lifecycleProcessor': no URL paths identified
2017-10-19 19:22:15 DEBUG DefaultListableBeanFactory:477 - Finished creating instance of bean 'org.springframework.web.servlet.handler.BeanNameUrlHandlerMapping'
2017-10-19 19:22:15 DEBUG DefaultListableBeanFactory:449 - Creating instance of bean 'org.springframework.web.servlet.mvc.annotation.DefaultAnnotationHandlerMapping'
2017-10-19 19:22:15 DEBUG DefaultAnnotationHandlerMapping:71 - Looking for URL mappings in application context: WebApplicationContext for namespace 'dispatcher-servlet': startup date [Thu Oct 19 19:22:15 IST 2017]; parent: Root WebApplicationContext
2017-10-19 19:22:15 DEBUG DefaultListableBeanFactory:249 - Returning cached instance of singleton bean 'helloWorldController'
2017-10-19 19:22:15 INFO  DefaultAnnotationHandlerMapping:315 - Mapped URL path [/hello] onto handler 'helloWorldController'
2017-10-19 19:22:15 DEBUG DefaultListableBeanFactory:249 - Returning cached instance of singleton bean 'helloWorldController'
2017-10-19 19:22:15 INFO  DefaultAnnotationHandlerMapping:315 - Mapped URL path [/hello.*] onto handler 'helloWorldController'
2017-10-19 19:22:15 DEBUG DefaultListableBeanFactory:249 - Returning cached instance of singleton bean 'helloWorldController'
2017-10-19 19:22:15 INFO  DefaultAnnotationHandlerMapping:315 - Mapped URL path [/hello/] onto handler 'helloWorldController'
2017-10-19 19:22:15 DEBUG DefaultAnnotationHandlerMapping:86 - Rejected bean name 'org.springframework.context.annotation.internalConfigurationAnnotationProcessor': no URL paths identified
2017-10-19 19:22:15 DEBUG DefaultAnnotationHandlerMapping:86 - Rejected bean name 'org.springframework.context.annotation.internalAutowiredAnnotationProcessor': no URL paths identified
2017-10-19 19:22:15 DEBUG DefaultAnnotationHandlerMapping:86 - Rejected bean name 'org.springframework.context.annotation.internalRequiredAnnotationProcessor': no URL paths identified
2017-10-19 19:22:15 DEBUG DefaultAnnotationHandlerMapping:86 - Rejected bean name 'org.springframework.context.annotation.internalCommonAnnotationProcessor': no URL paths identified
2017-10-19 19:22:15 DEBUG DefaultAnnotationHandlerMapping:86 - Rejected bean name 'org.springframework.web.servlet.view.InternalResourceViewResolver#0': no URL paths identified
2017-10-19 19:22:15 DEBUG DefaultAnnotationHandlerMapping:86 - Rejected bean name 'org.springframework.context.annotation.ConfigurationClassPostProcessor.importAwareProcessor': no URL paths identified
2017-10-19 19:22:15 DEBUG DefaultAnnotationHandlerMapping:86 - Rejected bean name 'org.springframework.context.annotation.ConfigurationClassPostProcessor.enhancedConfigurationProcessor': no URL paths identified
2017-10-19 19:22:15 DEBUG DefaultAnnotationHandlerMapping:86 - Rejected bean name 'environment': no URL paths identified
2017-10-19 19:22:15 DEBUG DefaultAnnotationHandlerMapping:86 - Rejected bean name 'systemProperties': no URL paths identified
2017-10-19 19:22:15 DEBUG DefaultAnnotationHandlerMapping:86 - Rejected bean name 'systemEnvironment': no URL paths identified
2017-10-19 19:22:15 DEBUG DefaultAnnotationHandlerMapping:86 - Rejected bean name 'servletConfig': no URL paths identified
2017-10-19 19:22:15 DEBUG DefaultAnnotationHandlerMapping:86 - Rejected bean name 'org.springframework.context.annotation.ConfigurationClassPostProcessor.importRegistry': no URL paths identified
2017-10-19 19:22:15 DEBUG DefaultAnnotationHandlerMapping:86 - Rejected bean name 'messageSource': no URL paths identified
2017-10-19 19:22:15 DEBUG DefaultAnnotationHandlerMapping:86 - Rejected bean name 'applicationEventMulticaster': no URL paths identified
2017-10-19 19:22:15 DEBUG DefaultAnnotationHandlerMapping:86 - Rejected bean name 'lifecycleProcessor': no URL paths identified
2017-10-19 19:22:15 DEBUG DefaultListableBeanFactory:477 - Finished creating instance of bean 'org.springframework.web.servlet.mvc.annotation.DefaultAnnotationHandlerMapping'
2017-10-19 19:22:15 DEBUG DispatcherServlet:571 - No HandlerMappings found in servlet 'dispatcher': using default
2017-10-19 19:22:15 DEBUG DefaultListableBeanFactory:449 - Creating instance of bean 'org.springframework.web.servlet.mvc.HttpRequestHandlerAdapter'
2017-10-19 19:22:15 DEBUG DefaultListableBeanFactory:477 - Finished creating instance of bean 'org.springframework.web.servlet.mvc.HttpRequestHandlerAdapter'
2017-10-19 19:22:15 DEBUG DefaultListableBeanFactory:449 - Creating instance of bean 'org.springframework.web.servlet.mvc.SimpleControllerHandlerAdapter'
2017-10-19 19:22:15 DEBUG DefaultListableBeanFactory:477 - Finished creating instance of bean 'org.springframework.web.servlet.mvc.SimpleControllerHandlerAdapter'
2017-10-19 19:22:15 DEBUG DefaultListableBeanFactory:449 - Creating instance of bean 'org.springframework.web.servlet.mvc.annotation.AnnotationMethodHandlerAdapter'
2017-10-19 19:22:15 DEBUG DefaultListableBeanFactory:477 - Finished creating instance of bean 'org.springframework.web.servlet.mvc.annotation.AnnotationMethodHandlerAdapter'
2017-10-19 19:22:15 DEBUG DispatcherServlet:609 - No HandlerAdapters found in servlet 'dispatcher': using default
2017-10-19 19:22:15 DEBUG DefaultListableBeanFactory:449 - Creating instance of bean 'org.springframework.web.servlet.mvc.annotation.AnnotationMethodHandlerExceptionResolver'
2017-10-19 19:22:15 DEBUG DefaultListableBeanFactory:477 - Finished creating instance of bean 'org.springframework.web.servlet.mvc.annotation.AnnotationMethodHandlerExceptionResolver'
2017-10-19 19:22:15 DEBUG DefaultListableBeanFactory:449 - Creating instance of bean 'org.springframework.web.servlet.mvc.annotation.ResponseStatusExceptionResolver'
2017-10-19 19:22:15 DEBUG DefaultListableBeanFactory:477 - Finished creating instance of bean 'org.springframework.web.servlet.mvc.annotation.ResponseStatusExceptionResolver'
2017-10-19 19:22:15 DEBUG DefaultListableBeanFactory:449 - Creating instance of bean 'org.springframework.web.servlet.mvc.support.DefaultHandlerExceptionResolver'
2017-10-19 19:22:15 DEBUG DefaultListableBeanFactory:477 - Finished creating instance of bean 'org.springframework.web.servlet.mvc.support.DefaultHandlerExceptionResolver'
2017-10-19 19:22:15 DEBUG DispatcherServlet:648 - No HandlerExceptionResolvers found in servlet 'dispatcher': using default
2017-10-19 19:22:15 DEBUG DefaultListableBeanFactory:449 - Creating instance of bean 'org.springframework.web.servlet.view.DefaultRequestToViewNameTranslator'
2017-10-19 19:22:15 DEBUG DefaultListableBeanFactory:477 - Finished creating instance of bean 'org.springframework.web.servlet.view.DefaultRequestToViewNameTranslator'
2017-10-19 19:22:15 DEBUG DispatcherServlet:669 - Unable to locate RequestToViewNameTranslator with name 'viewNameTranslator': using default [org.springframework.web.servlet.view.DefaultRequestToViewNameTranslator@316a1b66]
2017-10-19 19:22:15 DEBUG DefaultListableBeanFactory:249 - Returning cached instance of singleton bean 'org.springframework.web.servlet.view.InternalResourceViewResolver#0'
2017-10-19 19:22:15 DEBUG DefaultListableBeanFactory:249 - Returning cached instance of singleton bean 'org.springframework.web.servlet.view.InternalResourceViewResolver#0'
2017-10-19 19:22:15 DEBUG DefaultListableBeanFactory:449 - Creating instance of bean 'org.springframework.web.servlet.support.SessionFlashMapManager'
2017-10-19 19:22:15 DEBUG DefaultListableBeanFactory:477 - Finished creating instance of bean 'org.springframework.web.servlet.support.SessionFlashMapManager'
2017-10-19 19:22:15 DEBUG DispatcherServlet:731 - Unable to locate FlashMapManager with name 'flashMapManager': using default [org.springframework.web.servlet.support.SessionFlashMapManager@736e26c4]
2017-10-19 19:22:15 DEBUG PropertySourcesPropertyResolver:81 - Searching for key 'spring.liveBeansView.mbeanDomain' in [servletConfigInitParams]
2017-10-19 19:22:15 DEBUG PropertySourcesPropertyResolver:81 - Searching for key 'spring.liveBeansView.mbeanDomain' in [servletContextInitParams]
2017-10-19 19:22:15 DEBUG PropertySourcesPropertyResolver:81 - Searching for key 'spring.liveBeansView.mbeanDomain' in [jndiProperties]
2017-10-19 19:22:15 DEBUG JndiTemplate:150 - Looking up JNDI object with name [java:comp/env/spring.liveBeansView.mbeanDomain]
2017-10-19 19:22:16 DEBUG JndiLocatorDelegate:101 - Converted JNDI name [java:comp/env/spring.liveBeansView.mbeanDomain] not found - trying original name [spring.liveBeansView.mbeanDomain]. javax.naming.NameNotFoundException: Name [spring.liveBeansView.mbeanDomain] is not bound in this Context. Unable to find [spring.liveBeansView.mbeanDomain].
2017-10-19 19:22:16 DEBUG JndiTemplate:150 - Looking up JNDI object with name [spring.liveBeansView.mbeanDomain]
2017-10-19 19:22:16 DEBUG JndiPropertySource:87 - JNDI lookup for name [spring.liveBeansView.mbeanDomain] threw NamingException with message: Name [spring.liveBeansView.mbeanDomain] is not bound in this Context. Unable to find [spring.liveBeansView.mbeanDomain].. Returning null.
2017-10-19 19:22:16 DEBUG PropertySourcesPropertyResolver:81 - Searching for key 'spring.liveBeansView.mbeanDomain' in [systemProperties]
2017-10-19 19:22:16 DEBUG PropertySourcesPropertyResolver:81 - Searching for key 'spring.liveBeansView.mbeanDomain' in [systemEnvironment]
2017-10-19 19:22:16 DEBUG PropertySourcesPropertyResolver:103 - Could not find key 'spring.liveBeansView.mbeanDomain' in any property source. Returning [null]
2017-10-19 19:22:16 DEBUG DispatcherServlet:558 - Published WebApplicationContext of servlet 'dispatcher' as ServletContext attribute with name [org.springframework.web.servlet.FrameworkServlet.CONTEXT.dispatcher]
2017-10-19 19:22:16 INFO  DispatcherServlet:498 - FrameworkServlet 'dispatcher': initialization completed in 813 ms
2017-10-19 19:22:16 DEBUG DispatcherServlet:139 - Servlet 'dispatcher' configured successfully
2017-10-19 19:22:24 DEBUG DispatcherServlet:843 - DispatcherServlet with name 'dispatcher' processing GET request for [/DemoMVCSpring/hello]
2017-10-19 19:22:24 DEBUG DefaultAnnotationHandlerMapping:124 - Mapping [/hello] to HandlerExecutionChain with handler [com.programcreek.helloworld.controller.HelloWorldController@2eab783] and 1 interceptor
2017-10-19 19:22:24 DEBUG DispatcherServlet:932 - Last-Modified value for [/DemoMVCSpring/hello] is: -1
2017-10-19 19:22:24 DEBUG HandlerMethodInvoker:172 - Invoking request handler method: public org.springframework.web.servlet.ModelAndView com.programcreek.helloworld.controller.HelloWorldController.showMessage(java.lang.String)
2017-10-19 19:22:24 DEBUG HelloWorldController:17 - in controller
2017-10-19 19:22:24 DEBUG DefaultListableBeanFactory:1595 - Invoking afterPropertiesSet() on bean with name 'helloworld'
2017-10-19 19:22:24 DEBUG DispatcherServlet:1222 - Rendering view [org.springframework.web.servlet.view.InternalResourceView: name 'helloworld'; URL [/WEB-INF/views/helloworld.jsp]] in DispatcherServlet with name 'dispatcher'
2017-10-19 19:22:24 DEBUG InternalResourceView:376 - Added model object 'message' of type [java.lang.String] to request in view with name 'helloworld'
2017-10-19 19:22:24 DEBUG InternalResourceView:376 - Added model object 'name' of type [java.lang.String] to request in view with name 'helloworld'
2017-10-19 19:22:24 DEBUG InternalResourceView:207 - Forwarding to resource [/WEB-INF/views/helloworld.jsp] in InternalResourceView 'helloworld'
2017-10-19 19:22:24 DEBUG DispatcherServlet:991 - Successfully completed request
